  Board.cpp
C:\Program Files\Microsoft Visual Studio\2022\Community\VC\Tools\MSVC\14.40.33807\include\filesystem(12): warning STL4038: The contents of <filesystem> are available only with C++17 or later.
C:\Users\thoma\Documents\Projets\MultiGameIA3\MultiGameIA3\Source\Board.cpp(347,8): warning C4267: 'initialisation' : conversion de 'size_t' en 'int', perte possible de données
C:\Users\thoma\Documents\Projets\MultiGameIA3\MultiGameIA3\Source\Board.cpp(462,29): warning C4244: 'argument' : conversion de 'int' en 'T', perte possible de données
C:\Users\thoma\Documents\Projets\MultiGameIA3\MultiGameIA3\Source\Board.cpp(462,29): warning C4244:         with
C:\Users\thoma\Documents\Projets\MultiGameIA3\MultiGameIA3\Source\Board.cpp(462,29): warning C4244:         [
C:\Users\thoma\Documents\Projets\MultiGameIA3\MultiGameIA3\Source\Board.cpp(462,29): warning C4244:             T=float
C:\Users\thoma\Documents\Projets\MultiGameIA3\MultiGameIA3\Source\Board.cpp(462,29): warning C4244:         ]
C:\Users\thoma\Documents\Projets\MultiGameIA3\MultiGameIA3\Source\Board.cpp(462,26): warning C4244: 'argument' : conversion de 'int' en 'T', perte possible de données
C:\Users\thoma\Documents\Projets\MultiGameIA3\MultiGameIA3\Source\Board.cpp(462,26): warning C4244:         with
C:\Users\thoma\Documents\Projets\MultiGameIA3\MultiGameIA3\Source\Board.cpp(462,26): warning C4244:         [
C:\Users\thoma\Documents\Projets\MultiGameIA3\MultiGameIA3\Source\Board.cpp(462,26): warning C4244:             T=float
C:\Users\thoma\Documents\Projets\MultiGameIA3\MultiGameIA3\Source\Board.cpp(462,26): warning C4244:         ]
C:\Users\thoma\Documents\Projets\MultiGameIA3\MultiGameIA3\Source\Board.cpp(470,14): warning C4244: 'initialisation' : conversion de 'float' en 'int', perte possible de données
C:\Users\thoma\Documents\Projets\MultiGameIA3\MultiGameIA3\Source\Board.cpp(471,14): warning C4244: 'initialisation' : conversion de 'float' en 'int', perte possible de données
C:\Users\thoma\Documents\Projets\MultiGameIA3\MultiGameIA3\Source\Board.cpp(472,35): warning C4244: 'argument' : conversion de 'int' en 'float', perte possible de données
C:\Users\thoma\Documents\Projets\MultiGameIA3\MultiGameIA3\Source\Board.cpp(472,28): warning C4244: 'argument' : conversion de 'int' en 'float', perte possible de données
C:\Users\thoma\Documents\Projets\MultiGameIA3\MultiGameIA3\Source\Board.cpp(670,23): warning C4244: 'initialisation' : conversion de '__int64' en 'int', perte possible de données
C:\Users\thoma\Documents\Projets\MultiGameIA3\MultiGameIA3\Source\Board.cpp(744,12): warning C4267: 'initialisation' : conversion de 'size_t' en 'int', perte possible de données
C:\Users\thoma\Documents\Projets\MultiGameIA3\MultiGameIA3\Source\Board.cpp(745,12): warning C4267: 'initialisation' : conversion de 'size_t' en 'int', perte possible de données
C:\Users\thoma\Documents\Projets\MultiGameIA3\MultiGameIA3\Source\Board.cpp(746,11): warning C4267: 'initialisation' : conversion de 'size_t' en 'int', perte possible de données
  Génération de code en cours
C:\Users\thoma\Documents\Projets\MultiGameIA3\MultiGameIA3\Source\Board.cpp(649): warning C4715: 'Board::getGameState' : les chemins de contrôle ne retournent pas tous une valeur
  82 of 1063 functions ( 7.7%) were compiled, the rest were copied from previous compilation.
    24 functions were new in current compilation
    54 functions had inline decision re-evaluated but remain unchanged
  Fin de la génération du code
  MultiGameIA3.vcxproj -> C:\Users\thoma\Documents\Projets\MultiGameIA3\x64\Release\MultiGameIA3.exe
